Script: features/search_grid_search.py
Exit: 1

Total Free Parameters = 6

model                                                                           Collection (N=6)
    gaussian_feature - gaussian_main                                            Gaussian (N=3)

gaussian_main
    centre                                                                      UniformPrior [0], lower_limit = 0.0, upper_limit = 100.0
    normalization                                                               LogUniformPrior [1], lower_limit = 1e-06, upper_limit = 1000000.0
    sigma                                                                       UniformPrior [2], lower_limit = 0.0, upper_limit = 25.0
gaussian_feature
    centre                                                                      UniformPrior [3], lower_limit = 0.0, upper_limit = 100.0
    normalization                                                               LogUniformPrior [4], lower_limit = 1e-06, upper_limit = 1000000.0
    sigma                                                                       UniformPrior [5], lower_limit = 0.0, upper_limit = 25.0
2026-04-03 10:10:50,663 - autofit.non_linear.search.abstract_search - WARNING - TEST MODE ON: SEARCH WILL SKIP SAMPLING


2026-04-03 10:10:50,663 - autofit.non_linear.search.abstract_search - WARNING - TEST MODE ON: SEARCH WILL SKIP SAMPLING


2026-04-03 10:10:50,663 - autofit.non_linear.search.abstract_search - INFO - Starting non-linear search with 1 cores.
2026-04-03 10:10:50,683 - single_fit - INFO - The output path of this fit is /home/runner/work/autofit_workspace/autofit_workspace/output/features/search_grid_search/single_fit/867a47f6eda7176556296a802543f2dd
2026-04-03 10:10:50,683 - single_fit - INFO - Outputting pre-fit files (e.g. model.info, visualization).
2026-04-03 10:10:50,687 - single_fit - INFO - Starting new Nautilus non-linear search (no previous samples found).
2026-04-03 10:10:50,931 - autofit.non_linear.fitness - INFO - JAX: Applying vmap and jit to likelihood function -- may take a few seconds.
2026-04-03 10:10:50,931 - autofit.non_linear.fitness - INFO - JAX: vmap and jit applied in 0.00030922889709472656 seconds.
2026-04-03 10:10:50,931 - single_fit - INFO - 
            Running search where parallelization is disabled.
            
Traceback (most recent call last):
  File "/home/runner/.local/lib/python3.12/site-packages/autofit/non_linear/search/nest/nautilus/search.py", line 175, in sampler_cls
    from nautilus import Sampler
ModuleNotFoundError: No module named 'nautilus'

During handling of the above exception, another exception occurred:

Traceback (most recent call last):
  File "/home/runner/work/autofit_workspace/autofit_workspace/scripts/features/search_grid_search.py", line 149, in <module>
    result = search.fit(model=model, analysis=analysis)
             ^^^^^^^^^^^^^^^^^^^^^^^^^^^^^^^^^^^^^^^^^^
  File "/home/runner/.local/lib/python3.12/site-packages/autofit/non_linear/search/abstract_search.py", line 493, in fit
    result = self.start_resume_fit(
             ^^^^^^^^^^^^^^^^^^^^^^
  File "/home/runner/.local/lib/python3.12/site-packages/autofit/non_linear/search/abstract_search.py", line 116, in decorated
    return func(self, *args, **kwargs)
           ^^^^^^^^^^^^^^^^^^^^^^^^^^^
  File "/home/runner/.local/lib/python3.12/site-packages/autofit/non_linear/search/abstract_search.py", line 641, in start_resume_fit
    search_internal, fitness = self._fit(
                               ^^^^^^^^^^
  File "/home/runner/.local/lib/python3.12/site-packages/autofit/non_linear/search/nest/nautilus/search.py", line 147, in _fit
    search_internal = self.fit_x1_cpu(
                      ^^^^^^^^^^^^^^^^
  File "/home/runner/.local/lib/python3.12/site-packages/autofit/non_linear/search/nest/nautilus/search.py", line 233, in fit_x1_cpu
    search_internal = self.sampler_cls(
                      ^^^^^^^^^^^^^^^^
  File "/home/runner/.local/lib/python3.12/site-packages/autofit/non_linear/search/nest/nautilus/search.py", line 179, in sampler_cls
    raise ModuleNotFoundError(
ModuleNotFoundError: 
--------------------
You are attempting to perform a model-fit using Nautilus. 

However, the optional library Nautilus (https://nautilus-sampler.readthedocs.io/en/stable/index.html) is not installed.

Install it via the command `pip install nautilus-sampler==1.0.5`.

----------------------
